# JRE version: Java(TM) SE Runtime Environment (8.0_91-b14) (build 1.8.0_91-b14)
# Java VM: Java HotSpot(TM) 64-Bit Server VM (25.91-b14 mixed mode windows-amd64 compressed oops)
Heap:
 PSYoungGen      total 211456K, used 197218K [0x00000000e0000000, 0x00000000ee600000, 0x0000000100000000)
  eden space 194560K, 94% used [0x00000000e0000000,0x00000000eb36e868,0x00000000ebe00000)
  from space 16896K, 79% used [0x00000000ed580000,0x00000000ee2aa0f8,0x00000000ee600000)
  to   space 20480K, 0% used [0x00000000ebe00000,0x00000000ebe00000,0x00000000ed200000)
 ParOldGen       total 114176K, used 65257K [0x00000000a0000000, 0x00000000a6f80000, 0x00000000e0000000)
  object space 114176K, 57% used [0x00000000a0000000,0x00000000a3fba730,0x00000000a6f80000)
 Metaspace       used 71664K, capacity 76292K, committed 76376K, reserved 1116160K
  class space    used 9547K, capacity 10340K, committed 10368K, reserved 1048576K
GC Heap History (10 events):
Event: 1336.865 GC heap before
{Heap before GC invocations=20 (full 3):
 PSYoungGen      total 166400K, used 165984K [0x00000000e0000000, 0x00000000eb600000, 0x0000000100000000)
  eden space 157696K, 100% used [0x00000000e0000000,0x00000000e9a00000,0x00000000e9a00000)
  from space 8704K, 95% used [0x00000000ead80000,0x00000000eb598000,0x00000000eb600000)
  to   space 14336K, 0% used [0x00000000e9a00000,0x00000000e9a00000,0x00000000ea800000)
 ParOldGen       total 77824K, used 56641K [0x00000000a0000000, 0x00000000a4c00000, 0x00000000e0000000)
  object space 77824K, 72% used [0x00000000a0000000,0x00000000a3750650,0x00000000a4c00000)
 Metaspace       used 59566K, capacity 63192K, committed 63320K, reserved 1103872K
  class space    used 8144K, capacity 8828K, committed 8832K, reserved 1048576K
Event: 1336.957 GC heap after
Heap after GC invocations=20 (full 3):
 PSYoungGen      total 172032K, used 8704K [0x00000000e0000000, 0x00000000ecd80000, 0x0000000100000000)
  eden space 157696K, 0% used [0x00000000e0000000,0x00000000e0000000,0x00000000e9a00000)
  from space 14336K, 60% used [0x00000000e9a00000,0x00000000ea280020,0x00000000ea800000)
  to   space 13824K, 0% used [0x00000000ec000000,0x00000000ec000000,0x00000000ecd80000)
 ParOldGen       total 77824K, used 56649K [0x00000000a0000000, 0x00000000a4c00000, 0x00000000e0000000)
  object space 77824K, 72% used [0x00000000a0000000,0x00000000a3752650,0x00000000a4c00000)
 Metaspace       used 59566K, capacity 63192K, committed 63320K, reserved 1103872K
  class space    used 8144K, capacity 8828K, committed 8832K, reserved 1048576K
}
Event: 1353.668 GC heap before
{Heap before GC invocations=21 (full 3):
 PSYoungGen      total 172032K, used 166400K [0x00000000e0000000, 0x00000000ecd80000, 0x0000000100000000)
  eden space 157696K, 100% used [0x00000000e0000000,0x00000000e9a00000,0x00000000e9a00000)
  from space 14336K, 60% used [0x00000000e9a00000,0x00000000ea280020,0x00000000ea800000)
  to   space 13824K, 0% used [0x00000000ec000000,0x00000000ec000000,0x00000000ecd80000)
 ParOldGen       total 77824K, used 56649K [0x00000000a0000000, 0x00000000a4c00000, 0x00000000e0000000)
  object space 77824K, 72% used [0x00000000a0000000,0x00000000a3752650,0x00000000a4c00000)
 Metaspace       used 67563K, capacity 71446K, committed 71768K, reserved 1112064K
  class space    used 9078K, capacity 9783K, committed 9856K, reserved 1048576K
Event: 1353.790 GC heap after
Heap after GC invocations=21 (full 3):
 PSYoungGen      total 189952K, used 13814K [0x00000000e0000000, 0x00000000ed900000, 0x0000000100000000)
  eden space 176128K, 0% used [0x00000000e0000000,0x00000000e0000000,0x00000000eac00000)
  from space 13824K, 99% used [0x00000000ec000000,0x00000000ecd7d850,0x00000000ecd80000)
  to   space 20480K, 0% used [0x00000000eac00000,0x00000000eac00000,0x00000000ec000000)
 ParOldGen       total 77824K, used 70516K [0x00000000a0000000, 0x00000000a4c00000, 0x00000000e0000000)
  object space 77824K, 90% used [0x00000000a0000000,0x00000000a44dd298,0x00000000a4c00000)
 Metaspace       used 67563K, capacity 71446K, committed 71768K, reserved 1112064K
  class space    used 9078K, capacity 9783K, committed 9856K, reserved 1048576K
}
Event: 1353.799 GC heap before
{Heap before GC invocations=22 (full 4):
 PSYoungGen      total 189952K, used 13814K [0x00000000e0000000, 0x00000000ed900000, 0x0000000100000000)
  eden space 176128K, 0% used [0x00000000e0000000,0x00000000e0000000,0x00000000eac00000)
  from space 13824K, 99% used [0x00000000ec000000,0x00000000ecd7d850,0x00000000ecd80000)
  to   space 20480K, 0% used [0x00000000eac00000,0x00000000eac00000,0x00000000ec000000)
 ParOldGen       total 77824K, used 70516K [0x00000000a0000000, 0x00000000a4c00000, 0x00000000e0000000)
  object space 77824K, 90% used [0x00000000a0000000,0x00000000a44dd298,0x00000000a4c00000)
 Metaspace       used 67563K, capacity 71446K, committed 71768K, reserved 1112064K
  class space    used 9078K, capacity 9783K, committed 9856K, reserved 1048576K
Event: 1371.804 GC heap after
Heap after GC invocations=22 (full 4):
 PSYoungGen      total 189952K, used 0K [0x00000000e0000000, 0x00000000ed900000, 0x0000000100000000)
  eden space 176128K, 0% used [0x00000000e0000000,0x00000000e0000000,0x00000000eac00000)
  from space 13824K, 0% used [0x00000000ec000000,0x00000000ec000000,0x00000000ecd80000)
  to   space 20480K, 0% used [0x00000000eac00000,0x00000000eac00000,0x00000000ec000000)
 ParOldGen       total 114176K, used 65241K [0x00000000a0000000, 0x00000000a6f80000, 0x00000000e0000000)
  object space 114176K, 57% used [0x00000000a0000000,0x00000000a3fb6730,0x00000000a6f80000)
 Metaspace       used 67561K, capacity 71440K, committed 71768K, reserved 1112064K
  class space    used 9077K, capacity 9782K, committed 9856K, reserved 1048576K
}
Event: 2110.287 GC heap before
{Heap before GC invocations=23 (full 4):
 PSYoungGen      total 189952K, used 176128K [0x00000000e0000000, 0x00000000ed900000, 0x0000000100000000)
  eden space 176128K, 100% used [0x00000000e0000000,0x00000000eac00000,0x00000000eac00000)
  from space 13824K, 0% used [0x00000000ec000000,0x00000000ec000000,0x00000000ecd80000)
  to   space 20480K, 0% used [0x00000000eac00000,0x00000000eac00000,0x00000000ec000000)
 ParOldGen       total 114176K, used 65241K [0x00000000a0000000, 0x00000000a6f80000, 0x00000000e0000000)
  object space 114176K, 57% used [0x00000000a0000000,0x00000000a3fb6730,0x00000000a6f80000)
 Metaspace       used 70378K, capacity 74354K, committed 74456K, reserved 1114112K
  class space    used 9439K, capacity 10159K, committed 10240K, reserved 1048576K
Event: 2110.328 GC heap after
Heap after GC invocations=23 (full 4):
 PSYoungGen      total 196608K, used 7102K [0x00000000e0000000, 0x00000000ee900000, 0x0000000100000000)
  eden space 176128K, 0% used [0x00000000e0000000,0x00000000e0000000,0x00000000eac00000)
  from space 20480K, 34% used [0x00000000eac00000,0x00000000eb2efb98,0x00000000ec000000)
  to   space 19968K, 0% used [0x00000000ed580000,0x00000000ed580000,0x00000000ee900000)
 ParOldGen       total 114176K, used 65249K [0x00000000a0000000, 0x00000000a6f80000, 0x00000000e0000000)
  object space 114176K, 57% used [0x00000000a0000000,0x00000000a3fb8730,0x00000000a6f80000)
 Metaspace       used 70378K, capacity 74354K, committed 74456K, reserved 1114112K
  class space    used 9439K, capacity 10159K, committed 10240K, reserved 1048576K
}
Event: 3586.932 GC heap before
{Heap before GC invocations=24 (full 4):
 PSYoungGen      total 196608K, used 182725K [0x00000000e0000000, 0x00000000ee900000, 0x0000000100000000)
  eden space 176128K, 99% used [0x00000000e0000000,0x00000000eab81bf0,0x00000000eac00000)
  from space 20480K, 34% used [0x00000000eac00000,0x00000000eb2efb98,0x00000000ec000000)
  to   space 19968K, 0% used [0x00000000ed580000,0x00000000ed580000,0x00000000ee900000)
 ParOldGen       total 114176K, used 65249K [0x00000000a0000000, 0x00000000a6f80000, 0x00000000e0000000)
  object space 114176K, 57% used [0x00000000a0000000,0x00000000a3fb8730,0x00000000a6f80000)
 Metaspace       used 71485K, capacity 76060K, committed 76120K, reserved 1116160K
  class space    used 9538K, capacity 10330K, committed 10368K, reserved 1048576K
Event: 3586.967 GC heap after
Heap after GC invocations=24 (full 4):
 PSYoungGen      total 211456K, used 13480K [0x00000000e0000000, 0x00000000ee600000, 0x0000000100000000)
  eden space 194560K, 0% used [0x00000000e0000000,0x00000000e0000000,0x00000000ebe00000)
  from space 16896K, 79% used [0x00000000ed580000,0x00000000ee2aa0f8,0x00000000ee600000)
  to   space 20480K, 0% used [0x00000000ebe00000,0x00000000ebe00000,0x00000000ed200000)
 ParOldGen       total 114176K, used 65257K [0x00000000a0000000, 0x00000000a6f80000, 0x00000000e0000000)
  object space 114176K, 57% used [0x00000000a0000000,0x00000000a3fba730,0x00000000a6f80000)
 Metaspace       used 71485K, capacity 76060K, committed 76120K, reserved 1116160K
  class space    used 9538K, capacity 10330K, committed 10368K, reserved 1048576K
}

